  [1m[36m (103.3ms)[0m  [1mCREATE TABLE "disciplines" ("id" INTEGER PRIMARY KEY AUTOINCREMENT NOT NULL, "name" varchar, "amount_credits" integer, "teacher_id" integer, "period_id" integer, "created_at" datetime NOT NULL, "updated_at" datetime NOT NULL) [0m
  [1m[35m (0.4ms)[0m  select sqlite_version(*)
  [1m[36m (99.8ms)[0m  [1mCREATE  INDEX "index_disciplines_on_period_id" ON "disciplines" ("period_id")[0m
  [1m[35m (0.3ms)[0m              SELECT sql
            FROM sqlite_master
            WHERE name='index_disciplines_on_period_id' AND type='index'
            UNION ALL
            SELECT sql
            FROM sqlite_temp_master
            WHERE name='index_disciplines_on_period_id' AND type='index'

  [1m[36m (120.1ms)[0m  [1mCREATE  INDEX "index_disciplines_on_teacher_id" ON "disciplines" ("teacher_id")[0m
  [1m[35m (108.5ms)[0m  CREATE TABLE "mentions" ("id" INTEGER PRIMARY KEY AUTOINCREMENT NOT NULL, "value" varchar, "discipline_id" integer, "created_at" datetime NOT NULL, "updated_at" datetime NOT NULL) 
  [1m[36m (109.0ms)[0m  [1mCREATE  INDEX "index_mentions_on_discipline_id" ON "mentions" ("discipline_id")[0m
  [1m[35m (119.8ms)[0m  CREATE TABLE "periods" ("id" INTEGER PRIMARY KEY AUTOINCREMENT NOT NULL, "name" varchar, "start" date, "finish" date, "created_at" datetime NOT NULL, "updated_at" datetime NOT NULL) 
  [1m[36m (122.0ms)[0m  [1mCREATE TABLE "teachers" ("id" INTEGER PRIMARY KEY AUTOINCREMENT NOT NULL, "name" varchar, "created_at" datetime NOT NULL, "updated_at" datetime NOT NULL) [0m
  [1m[35m (130.5ms)[0m  CREATE TABLE "users" ("id" INTEGER PRIMARY KEY AUTOINCREMENT NOT NULL, "name" varchar, "email" varchar, "created_at" datetime NOT NULL, "updated_at" datetime NOT NULL, "password_digest" varchar, "confirmed_at" datetime, "confirmation_token" varchar) 
  [1m[36m (128.8ms)[0m  [1mCREATE TABLE "schema_migrations" ("version" varchar NOT NULL) [0m
  [1m[35m (120.3ms)[0m  CREATE UNIQUE INDEX "unique_schema_migrations" ON "schema_migrations" ("version")
  [1m[36m (0.4ms)[0m  [1mSELECT version FROM "schema_migrations"[0m
  [1m[35m (110.2ms)[0m  INSERT INTO "schema_migrations" (version) VALUES ('20160919142809')
  [1m[36m (132.8ms)[0m  [1mINSERT INTO "schema_migrations" (version) VALUES ('20160827021356')[0m
  [1m[35m (133.5ms)[0m  INSERT INTO "schema_migrations" (version) VALUES ('20160919140412')
  [1m[36m (122.9ms)[0m  [1mINSERT INTO "schema_migrations" (version) VALUES ('20160904194228')[0m
  [1m[35m (122.3ms)[0m  INSERT INTO "schema_migrations" (version) VALUES ('20160919140436')
  [1m[36m (111.6ms)[0m  [1mINSERT INTO "schema_migrations" (version) VALUES ('20160919140356')[0m
  [1m[35m (111.6ms)[0m  INSERT INTO "schema_migrations" (version) VALUES ('20160827021221')
  [1m[36m (133.6ms)[0m  [1mINSERT INTO "schema_migrations" (version) VALUES ('20160827021518')[0m
  [1m[35m (104.6ms)[0m  CREATE TABLE "disciplines" ("id" INTEGER PRIMARY KEY AUTOINCREMENT NOT NULL, "name" varchar, "amount_credits" integer, "teacher_id" integer, "period_id" integer, "created_at" datetime NOT NULL, "updated_at" datetime NOT NULL) 
  [1m[36m (0.3ms)[0m  [1mselect sqlite_version(*)[0m
  [1m[35m (109.7ms)[0m  CREATE  INDEX "index_disciplines_on_period_id" ON "disciplines" ("period_id")
  [1m[36m (0.7ms)[0m  [1m            SELECT sql
            FROM sqlite_master
            WHERE name='index_disciplines_on_period_id' AND type='index'
            UNION ALL
            SELECT sql
            FROM sqlite_temp_master
            WHERE name='index_disciplines_on_period_id' AND type='index'
[0m
  [1m[35m (117.4ms)[0m  CREATE  INDEX "index_disciplines_on_teacher_id" ON "disciplines" ("teacher_id")
  [1m[36m (132.0ms)[0m  [1mCREATE TABLE "mentions" ("id" INTEGER PRIMARY KEY AUTOINCREMENT NOT NULL, "value" varchar, "discipline_id" integer, "created_at" datetime NOT NULL, "updated_at" datetime NOT NULL) [0m
  [1m[35m (119.9ms)[0m  CREATE  INDEX "index_mentions_on_discipline_id" ON "mentions" ("discipline_id")
  [1m[36m (141.8ms)[0m  [1mCREATE TABLE "periods" ("id" INTEGER PRIMARY KEY AUTOINCREMENT NOT NULL, "name" varchar, "start" date, "finish" date, "created_at" datetime NOT NULL, "updated_at" datetime NOT NULL) [0m
  [1m[35m (130.5ms)[0m  CREATE TABLE "teachers" ("id" INTEGER PRIMARY KEY AUTOINCREMENT NOT NULL, "name" varchar, "created_at" datetime NOT NULL, "updated_at" datetime NOT NULL) 
  [1m[36m (119.4ms)[0m  [1mCREATE TABLE "users" ("id" INTEGER PRIMARY KEY AUTOINCREMENT NOT NULL, "name" varchar, "email" varchar, "created_at" datetime NOT NULL, "updated_at" datetime NOT NULL, "password_digest" varchar, "confirmed_at" datetime, "confirmation_token" varchar) [0m
  [1m[35m (110.6ms)[0m  CREATE TABLE "schema_migrations" ("version" varchar NOT NULL) 
  [1m[36m (109.4ms)[0m  [1mCREATE UNIQUE INDEX "unique_schema_migrations" ON "schema_migrations" ("version")[0m
  [1m[35m (0.4ms)[0m  SELECT version FROM "schema_migrations"
  [1m[36m (287.7ms)[0m  [1mINSERT INTO "schema_migrations" (version) VALUES ('20160919142809')[0m
  [1m[35m (111.5ms)[0m  INSERT INTO "schema_migrations" (version) VALUES ('20160827021356')
  [1m[36m (111.3ms)[0m  [1mINSERT INTO "schema_migrations" (version) VALUES ('20160919140412')[0m
  [1m[35m (111.6ms)[0m  INSERT INTO "schema_migrations" (version) VALUES ('20160904194228')
  [1m[36m (117.0ms)[0m  [1mINSERT INTO "schema_migrations" (version) VALUES ('20160919140436')[0m
  [1m[35m (112.0ms)[0m  INSERT INTO "schema_migrations" (version) VALUES ('20160919140356')
  [1m[36m (111.1ms)[0m  [1mINSERT INTO "schema_migrations" (version) VALUES ('20160827021221')[0m
  [1m[35m (111.2ms)[0m  INSERT INTO "schema_migrations" (version) VALUES ('20160827021518')
  [1m[36mActiveRecord::SchemaMigration Load (0.4ms)[0m  [1mSELECT "schema_migrations".* FROM "schema_migrations"[0m
